<?xml version="1.0" encoding="UTF-8"?>
<testsuite name="wikitestsprogressive.SearchWikiTests" tests="2" skipped="0" failures="0" errors="0" timestamp="2019-09-26T07:47:23" hostname="DESKTOP-7T33ROT" time="2.994">
  <properties/>
  <testcase name="searchWikiTestQA" classname="wikitestsprogressive.SearchWikiTests" time="1.575"/>
  <testcase name="searchWikiTestJava" classname="wikitestsprogressive.SearchWikiTests" time="1.418"/>
  <system-out><![CDATA[]]></system-out>
  <system-err><![CDATA[]]></system-err>
</testsuite>
