<?xml version="1.0" encoding="UTF-8"?>
<testsuite name="wikitestsprogressive.LoginWikiTest" tests="1" skipped="0" failures="0" errors="0" timestamp="2019-10-01T06:53:53" hostname="DESKTOP-7T33ROT" time="2.711">
  <properties/>
  <testcase name="loginTest" classname="wikitestsprogressive.LoginWikiTest" time="2.711"/>
  <system-out><![CDATA[]]></system-out>
  <system-err><![CDATA[]]></system-err>
</testsuite>
