<?xml version="1.0" encoding="UTF-8"?>
<testsuite name="com.telran.selenium1.WikiLogIn" tests="1" skipped="0" failures="0" errors="0" timestamp="2019-08-26T11:06:14" hostname="DESKTOP-7T33ROT" time="3.459">
  <properties/>
  <testcase name="wikiLogInTest" classname="com.telran.selenium1.WikiLogIn" time="3.459"/>
  <system-out><![CDATA[]]></system-out>
  <system-err><![CDATA[Starting ChromeDriver 76.0.3809.68 (420c9498db8ce8fcd190a954d51297672c1515d5-refs/branch-heads/3809@{#864}) on port 4744
Only local connections are allowed.
Please protect ports used by ChromeDriver and related test frameworks to prevent access by malicious code.
Aug 26, 2019 2:06:12 PM org.openqa.selenium.remote.ProtocolHandshake createSession
INFO: Detected dialect: W3C
]]></system-err>
</testsuite>
