<?xml version="1.0" encoding="UTF-8"?>
<testsuite name="wikitestsprogressive.tests.SearchWikiTests" tests="2" skipped="0" failures="0" errors="0" timestamp="2019-10-06T18:18:17" hostname="DESKTOP-7T33ROT" time="3.724">
  <properties/>
  <testcase name="searchWikiTest1" classname="wikitestsprogressive.tests.SearchWikiTests" time="2.257"/>
  <testcase name="searchWikiTest2" classname="wikitestsprogressive.tests.SearchWikiTests" time="1.463"/>
  <system-out><![CDATA[]]></system-out>
  <system-err><![CDATA[]]></system-err>
</testsuite>
