<?xml version="1.0" encoding="UTF-8"?>
<testsuite name="wikitestsprogressive.SearchWikiTests" tests="2" skipped="0" failures="0" errors="0" timestamp="2019-09-25T19:26:20" hostname="DESKTOP-7T33ROT" time="2.409">
  <properties/>
  <testcase name="searchWikiTestQA" classname="wikitestsprogressive.SearchWikiTests" time="1.352"/>
  <testcase name="searchWikiTestJava" classname="wikitestsprogressive.SearchWikiTests" time="1.056"/>
  <system-out><![CDATA[]]></system-out>
  <system-err><![CDATA[]]></system-err>
</testsuite>
