<?xml version="1.0" encoding="UTF-8"?>
<testsuite name="com.telran.selenium1.SearchWikiTest" tests="1" skipped="0" failures="0" errors="0" timestamp="2019-08-22T15:04:27" hostname="DESKTOP-7T33ROT" time="14.726">
  <properties/>
  <testcase name="SearchWiki" classname="com.telran.selenium1.SearchWikiTest" time="14.726"/>
  <system-out><![CDATA[]]></system-out>
  <system-err><![CDATA[Starting ChromeDriver 76.0.3809.68 (420c9498db8ce8fcd190a954d51297672c1515d5-refs/branch-heads/3809@{#864}) on port 8013
Only local connections are allowed.
Please protect ports used by ChromeDriver and related test frameworks to prevent access by malicious code.
Aug 22, 2019 6:04:32 PM org.openqa.selenium.remote.ProtocolHandshake createSession
INFO: Detected dialect: W3C
]]></system-err>
</testsuite>
