<?xml version="1.0" encoding="UTF-8"?>
<testsuite name="wikitestsprogressive.tests.LoginWikiTest" tests="1" skipped="0" failures="0" errors="0" timestamp="2019-10-01T16:39:32" hostname="DESKTOP-7T33ROT" time="4.438">
  <properties/>
  <testcase name="loginTest" classname="wikitestsprogressive.tests.LoginWikiTest" time="4.438"/>
  <system-out><![CDATA[]]></system-out>
  <system-err><![CDATA[]]></system-err>
</testsuite>
