<?xml version="1.0" encoding="UTF-8"?>
<testsuite name="wikitestsprogressive.tests.SearchWikiTests" tests="2" skipped="0" failures="0" errors="0" timestamp="2019-10-01T17:20:15" hostname="DESKTOP-7T33ROT" time="2.688">
  <properties/>
  <testcase name="searchWikiTest2" classname="wikitestsprogressive.tests.SearchWikiTests" time="1.42"/>
  <testcase name="searchWikiTest1" classname="wikitestsprogressive.tests.SearchWikiTests" time="1.267"/>
  <system-out><![CDATA[]]></system-out>
  <system-err><![CDATA[]]></system-err>
</testsuite>
