<?xml version="1.0" encoding="UTF-8"?>
<testsuite name="wikitestsprogressive.LoginWikiTest" tests="1" skipped="0" failures="0" errors="0" timestamp="2019-09-26T07:47:20" hostname="DESKTOP-7T33ROT" time="2.494">
  <properties/>
  <testcase name="loginTest" classname="wikitestsprogressive.LoginWikiTest" time="2.494"/>
  <system-out><![CDATA[]]></system-out>
  <system-err><![CDATA[]]></system-err>
</testsuite>
