<?xml version="1.0" encoding="UTF-8"?>
<testsuite name="wikitestsprogressive.SearchWikiTests" tests="2" skipped="0" failures="0" errors="0" timestamp="2019-10-01T06:53:56" hostname="DESKTOP-7T33ROT" time="2.95">
  <properties/>
  <testcase name="searchWikiTestQA" classname="wikitestsprogressive.SearchWikiTests" time="1.473"/>
  <testcase name="searchWikiTestJava" classname="wikitestsprogressive.SearchWikiTests" time="1.475"/>
  <system-out><![CDATA[]]></system-out>
  <system-err><![CDATA[]]></system-err>
</testsuite>
